Log file open, 02/02/20 13:51:21
LogWindows: Failed to load 'aqProf.dll' (GetLastError=126)
LogWindows: File 'aqProf.dll' does not exist
LogWindows: Failed to load 'VtuneApi.dll' (GetLastError=126)
LogWindows: File 'VtuneApi.dll' does not exist
LogWindows: Failed to load 'VtuneApi32e.dll' (GetLastError=126)
LogWindows: File 'VtuneApi32e.dll' does not exist
LogConsoleResponse: Display: Failed to find resolution value strings in scalability ini. Falling back to default.
LogInit: Display: Running engine for game: Practica
LogPlatformFile: Not using cached read wrapper
LogTaskGraph: Started task graph with 5 named threads and 35 total threads with 3 sets of task threads.
LogStats: Stats thread started at 0.058320
LogD3D11RHI: Loaded GFSDK_Aftermath_Lib.x64.dll
LogICUInternationalization: ICU TimeZone Detection - Raw Offset: +1:00, Platform Override: ''
LogPluginManager: Mounting plugin Paper2D
LogPluginManager: Mounting plugin AISupport
LogPluginManager: Mounting plugin LightPropagationVolume
LogPluginManager: Mounting plugin ActorLayerUtilities
LogPluginManager: Mounting plugin AnimationSharing
LogPluginManager: Mounting plugin CLionSourceCodeAccess
LogPluginManager: Mounting plugin CodeLiteSourceCodeAccess
LogPluginManager: Mounting plugin GitSourceControl
LogPluginManager: Mounting plugin KDevelopSourceCodeAccess
LogPluginManager: Mounting plugin NullSourceCodeAccess
LogPluginManager: Mounting plugin PerforceSourceControl
LogPluginManager: Mounting plugin PlasticSourceControl
LogPluginManager: Mounting plugin SubversionSourceControl
LogPluginManager: Mounting plugin UObjectPlugin
LogPluginManager: Mounting plugin VisualStudioCodeSourceCodeAccess
LogPluginManager: Mounting plugin VisualStudioSourceCodeAccess
LogPluginManager: Mounting plugin XCodeSourceCodeAccess
LogPluginManager: Mounting plugin AssetManagerEditor
LogPluginManager: Mounting plugin CryptoKeys
LogPluginManager: Mounting plugin CurveEditorTools
LogPluginManager: Mounting plugin DataValidation
LogPluginManager: Mounting plugin FacialAnimation
LogPluginManager: Mounting plugin GameplayTagsEditor
LogPluginManager: Mounting plugin MacGraphicsSwitching
LogPluginManager: Mounting plugin MaterialAnalyzer
LogPluginManager: Mounting plugin MobileLauncherProfileWizard
LogPluginManager: Mounting plugin PluginBrowser
LogPluginManager: Mounting plugin SpeedTreeImporter
LogPluginManager: Mounting plugin DatasmithContent
LogPluginManager: Mounting plugin VariantManagerContent
LogPluginManager: Mounting plugin AlembicImporter
LogPluginManager: Mounting plugin AutomationUtils
LogPluginManager: Mounting plugin BackChannel
LogPluginManager: Mounting plugin CharacterAI
LogPluginManager: Mounting plugin GeometryCache
LogPluginManager: Mounting plugin PlatformCrypto
LogPluginManager: Mounting plugin ProxyLODPlugin
LogPluginManager: Mounting plugin SkeletalReduction
LogPluginManager: Mounting plugin MagicLeap
LogPluginManager: Mounting plugin MagicLeapMedia
LogPluginManager: Mounting plugin MLSDK
LogPluginManager: Mounting plugin AndroidMedia
LogPluginManager: Mounting plugin AvfMedia
LogPluginManager: Mounting plugin ImgMedia
LogPluginManager: Mounting plugin MediaCompositing
LogPluginManager: Mounting plugin MediaPlayerEditor
LogPluginManager: Mounting plugin WebMMedia
LogPluginManager: Mounting plugin WmfMedia
LogPluginManager: Mounting plugin TcpMessaging
LogPluginManager: Mounting plugin UdpMessaging
LogPluginManager: Mounting plugin ActorSequence
LogPluginManager: Mounting plugin LevelSequenceEditor
LogPluginManager: Mounting plugin MatineeToLevelSequence
LogPluginManager: Mounting plugin NetcodeUnitTest
LogPluginManager: Mounting plugin NUTUnrealEngine4
LogPluginManager: Mounting plugin OnlineSubsystemGooglePlay
LogPluginManager: Mounting plugin OnlineSubsystemIOS
LogPluginManager: Mounting plugin OnlineSubsystem
LogPluginManager: Mounting plugin OnlineSubsystemNull
LogPluginManager: Mounting plugin OnlineSubsystemUtils
LogPluginManager: Mounting plugin LauncherChunkInstaller
LogPluginManager: Mounting plugin AndroidDeviceProfileSelector
LogPluginManager: Mounting plugin AndroidMoviePlayer
LogPluginManager: Mounting plugin AndroidPermission
LogPluginManager: Mounting plugin AppleImageUtils
LogPluginManager: Mounting plugin AppleMoviePlayer
LogPluginManager: Mounting plugin ArchVisCharacter
LogPluginManager: Mounting plugin AssetTags
LogPluginManager: Mounting plugin AudioCapture
LogPluginManager: Mounting plugin CableComponent
LogPluginManager: Mounting plugin CustomMeshComponent
LogPluginManager: Mounting plugin EditableMesh
LogPluginManager: Mounting plugin ExampleDeviceProfileSelector
LogPluginManager: Mounting plugin GoogleCloudMessaging
LogPluginManager: Mounting plugin IOSDeviceProfileSelector
LogPluginManager: Mounting plugin LinuxDeviceProfileSelector
LogPluginManager: Mounting plugin LocationServicesBPLibrary
LogPluginManager: Mounting plugin MobilePatchingUtils
LogPluginManager: Mounting plugin OculusVR
LogPluginManager: Mounting plugin PhysXVehicles
LogPluginManager: Mounting plugin PostSplashScreen
LogPluginManager: Mounting plugin ProceduralMeshComponent
LogPluginManager: Mounting plugin RuntimePhysXCooking
LogPluginManager: Mounting plugin SignificanceManager
LogPluginManager: Mounting plugin SteamVR
LogPluginManager: Mounting plugin WebMMoviePlayer
LogPluginManager: Mounting plugin WindowsMoviePlayer
LogPluginManager: Mounting plugin ScreenshotTools
LogInit: Using libcurl 7.55.1-DEV
LogInit:  - built for x86_64-pc-win32
LogInit:  - supports SSL with OpenSSL/1.1.1
LogInit:  - supports HTTP deflate (compression) using libz 1.2.8
LogInit:  - other features:
LogInit:      CURL_VERSION_SSL
LogInit:      CURL_VERSION_LIBZ
LogInit:      CURL_VERSION_IPV6
LogInit:      CURL_VERSION_ASYNCHDNS
LogInit:      CURL_VERSION_LARGEFILE
LogInit:      CURL_VERSION_IDN
LogInit:  CurlRequestOptions (configurable via config and command line):
LogInit:  - bVerifyPeer = true  - Libcurl will verify peer certificate
LogInit:  - bUseHttpProxy = false  - Libcurl will NOT use HTTP proxy
LogInit:  - bDontReuseConnections = false  - Libcurl will reuse connections
LogInit:  - MaxHostConnections = 16  - Libcurl will limit the number of connections to a host
LogInit:  - LocalHostAddr = Default
LogInit:  - BufferSize = 65536
LogOnline: OSS: Creating online subsystem instance for: NULL
LogInit: WinSock: version 1.1 (2.2), MaxSocks=32767, MaxUdp=65467
LogOnline: OSS: TryLoadSubsystemAndSetDefault: Loaded subsystem for module [NULL]
LogInit: Build: ++UE4+Release-4.24-CL-11100242
LogInit: Engine Version: 4.24.2-11100242+++UE4+Release-4.24
LogInit: Compatible Engine Version: 4.24.0-10570792+++UE4+Release-4.24
LogInit: Net CL: 10570792
LogInit: OS: Windows 10 (Release 1909) (), CPU: AMD Ryzen 9 3900X 12-Core Processor            , GPU: NVIDIA GeForce RTX 2080 Ti
LogInit: Compiled (64-bit): Jan 24 2020 02:05:53
LogInit: Compiled with Visual C++: 19.16.27032.01
LogInit: Build Configuration: Development
LogInit: Branch Name: ++UE4+Release-4.24
LogInit: Command Line: 
LogInit: Base Directory: C:/Program Files (x86)/UE_4.24/Engine/Binaries/Win64/
LogInit: Installed Engine Build: 1
LogDevObjectVersion: Number of dev versions registered: 25
LogDevObjectVersion:   Dev-Blueprints (B0D832E4-1F89-4F0D-ACCF-7EB736FD4AA2): 10
LogDevObjectVersion:   Dev-Build (E1C64328-A22C-4D53-A36C-8E866417BD8C): 0
LogDevObjectVersion:   Dev-Core (375EC13C-06E4-48FB-B500-84F0262A717E): 3
LogDevObjectVersion:   Dev-Editor (E4B068ED-F494-42E9-A231-DA0B2E46BB41): 37
LogDevObjectVersion:   Dev-Framework (CFFC743F-43B0-4480-9391-14DF171D2073): 36
LogDevObjectVersion:   Dev-Mobile (B02B49B5-BB20-44E9-A304-32B752E40360): 2
LogDevObjectVersion:   Dev-Networking (A4E4105C-59A1-49B5-A7C5-40C4547EDFEE): 0
LogDevObjectVersion:   Dev-Online (39C831C9-5AE6-47DC-9A44-9C173E1C8E7C): 0
LogDevObjectVersion:   Dev-Physics (78F01B33-EBEA-4F98-B9B4-84EACCB95AA2): 2
LogDevObjectVersion:   Dev-Platform (6631380F-2D4D-43E0-8009-CF276956A95A): 0
LogDevObjectVersion:   Dev-Rendering (12F88B9F-8875-4AFC-A67C-D90C383ABD29): 36
LogDevObjectVersion:   Dev-Sequencer (7B5AE74C-D270-4C10-A958-57980B212A5A): 11
LogDevObjectVersion:   Dev-VR (D7296918-1DD6-4BDD-9DE2-64A83CC13884): 2
LogDevObjectVersion:   Dev-LoadTimes (C2A15278-BFE7-4AFE-6C17-90FF531DF755): 1
LogDevObjectVersion:   Private-Geometry (6EACA3D4-40EC-4CC1-B786-8BED09428FC5): 3
LogDevObjectVersion:   Dev-AnimPhys (29E575DD-E0A3-4627-9D10-D276232CDCEA): 17
LogDevObjectVersion:   Dev-Anim (AF43A65D-7FD3-4947-9873-3E8ED9C1BB05): 2
LogDevObjectVersion:   Dev-ReflectionCapture (6B266CEC-1EC7-4B8F-A30B-E4D90942FC07): 1
LogDevObjectVersion:   Dev-Automation (0DF73D61-A23F-47EA-B727-89E90C41499A): 1
LogDevObjectVersion:   FortniteMain (601D1886-AC64-4F84-AA16-D3DE0DEAC7D6): 31
LogDevObjectVersion:   Dev-Enterprise (9DFFBCD6-494F-0158-E221-12823C92A888): 8
LogDevObjectVersion:   Dev-Niagara (F2AED0AC-9AFE-416F-8664-AA7FFA26D6FC): 1
LogDevObjectVersion:   Dev-Destruction (174F1F0B-B4C6-45A5-B13F-2EE8D0FB917D): 9
LogDevObjectVersion:   Dev-Physics-Ext (35F94A83-E258-406C-A318-09F59610247C): 8
LogDevObjectVersion:   Dev-CineCamera (B2E18506-4273-CFC2-A54E-F4BB758BBA07): 1
LogInit: Presizing for max 25165824 objects, including 0 objects not considered by GC, pre-allocating 0 bytes for permanent pool.
LogInit: Object subsystem initialized
LogConfig: Setting CVar [[con.DebugEarlyDefault:1]]
LogConfig: Setting CVar [[r.setres:1280x720]]
[2020.02.02-12.51.21:831][  0]LogConfig: Setting CVar [[r.VSync:0]]
[2020.02.02-12.51.21:831][  0]LogConfig: Setting CVar [[r.RHICmdBypass:0]]
[2020.02.02-12.51.21:831][  0]LogConfig: Applying CVar settings from Section [/Script/Engine.RendererSettings] File [E:/Escritorio/Unreal/Practica/Saved/Config/Windows/Engine.ini]
[2020.02.02-12.51.21:831][  0]LogConfig: Setting CVar [[r.GPUCrashDebugging:0]]
[2020.02.02-12.51.21:831][  0]LogConfig: Applying CVar settings from Section [/Script/Engine.RendererOverrideSettings] File [E:/Escritorio/Unreal/Practica/Saved/Config/Windows/Engine.ini]
[2020.02.02-12.51.21:831][  0]LogConfig: Applying CVar settings from Section [/Script/Engine.StreamingSettings] File [E:/Escritorio/Unreal/Practica/Saved/Config/Windows/Engine.ini]
[2020.02.02-12.51.21:831][  0]LogConfig: Setting CVar [[s.MinBulkDataSizeForAsyncLoading:131072]]
[2020.02.02-12.51.21:831][  0]LogConfig: Setting CVar [[s.AsyncLoadingThreadEnabled:0]]
[2020.02.02-12.51.21:831][  0]LogConfig: Setting CVar [[s.EventDrivenLoaderEnabled:1]]
[2020.02.02-12.51.21:831][  0]LogConfig: Setting CVar [[s.WarnIfTimeLimitExceeded:0]]
[2020.02.02-12.51.21:831][  0]LogConfig: Setting CVar [[s.TimeLimitExceededMultiplier:1.5]]
[2020.02.02-12.51.21:831][  0]LogConfig: Setting CVar [[s.TimeLimitExceededMinTime:0.005]]
[2020.02.02-12.51.21:831][  0]LogConfig: Setting CVar [[s.UseBackgroundLevelStreaming:1]]
[2020.02.02-12.51.21:831][  0]LogConfig: Setting CVar [[s.PriorityAsyncLoadingExtraTime:15.0]]
[2020.02.02-12.51.21:831][  0]LogConfig: Setting CVar [[s.LevelStreamingActorsUpdateTimeLimit:5.0]]
[2020.02.02-12.51.21:831][  0]LogConfig: Setting CVar [[s.PriorityLevelStreamingActorsUpdateExtraTime:5.0]]
[2020.02.02-12.51.21:831][  0]LogConfig: Setting CVar [[s.LevelStreamingComponentsRegistrationGranularity:10]]
[2020.02.02-12.51.21:831][  0]LogConfig: Setting CVar [[s.UnregisterComponentsTimeLimit:1.0]]
[2020.02.02-12.51.21:831][  0]LogConfig: Setting CVar [[s.LevelStreamingComponentsUnregistrationGranularity:5]]
[2020.02.02-12.51.21:831][  0]LogConfig: Setting CVar [[s.FlushStreamingOnExit:1]]
[2020.02.02-12.51.21:831][  0]LogConfig: Applying CVar settings from Section [/Script/Engine.GarbageCollectionSettings] File [E:/Escritorio/Unreal/Practica/Saved/Config/Windows/Engine.ini]
[2020.02.02-12.51.21:831][  0]LogConfig: Setting CVar [[gc.MaxObjectsNotConsideredByGC:1]]
[2020.02.02-12.51.21:831][  0]LogConfig: Setting CVar [[gc.SizeOfPermanentObjectPool:0]]
[2020.02.02-12.51.21:831][  0]LogConfig: Setting CVar [[gc.FlushStreamingOnGC:0]]
[2020.02.02-12.51.21:831][  0]LogConfig: Setting CVar [[gc.NumRetriesBeforeForcingGC:10]]
[2020.02.02-12.51.21:831][  0]LogConfig: Setting CVar [[gc.AllowParallelGC:1]]
[2020.02.02-12.51.21:831][  0]LogConfig: Setting CVar [[gc.TimeBetweenPurgingPendingKillObjects:61.1]]
[2020.02.02-12.51.21:831][  0]LogConfig: Setting CVar [[gc.MaxObjectsInEditor:25165824]]
[2020.02.02-12.51.21:831][  0]LogConfig: Setting CVar [[gc.IncrementalBeginDestroyEnabled:1]]
[2020.02.02-12.51.21:831][  0]LogConfig: Setting CVar [[gc.CreateGCClusters:1]]
[2020.02.02-12.51.21:831][  0]LogConfig: Setting CVar [[gc.MinGCClusterSize:5]]
[2020.02.02-12.51.21:831][  0]LogConfig: Setting CVar [[gc.ActorClusteringEnabled:0]]
[2020.02.02-12.51.21:831][  0]LogConfig: Setting CVar [[gc.BlueprintClusteringEnabled:0]]
[2020.02.02-12.51.21:831][  0]LogConfig: Setting CVar [[gc.UseDisregardForGCOnDedicatedServers:0]]
[2020.02.02-12.51.21:831][  0]LogConfig: Applying CVar settings from Section [/Script/Engine.NetworkSettings] File [E:/Escritorio/Unreal/Practica/Saved/Config/Windows/Engine.ini]
[2020.02.02-12.51.21:831][  0]LogConfig: Applying CVar settings from Section [/Script/UnrealEd.CookerSettings] File [E:/Escritorio/Unreal/Practica/Saved/Config/Windows/Engine.ini]
[2020.02.02-12.51.21:833][  0]LogConfig: Applying CVar settings from Section [ViewDistanceQuality@3] File [E:/Escritorio/Unreal/Practica/Saved/Config/Windows/Scalability.ini]
[2020.02.02-12.51.21:833][  0]LogConfig: Setting CVar [[r.SkeletalMeshLODBias:0]]
[2020.02.02-12.51.21:833][  0]LogConfig: Setting CVar [[r.ViewDistanceScale:1.0]]
[2020.02.02-12.51.21:833][  0]LogConfig: Applying CVar settings from Section [AntiAliasingQuality@3] File [E:/Escritorio/Unreal/Practica/Saved/Config/Windows/Scalability.ini]
[2020.02.02-12.51.21:833][  0]LogConfig: Setting CVar [[r.PostProcessAAQuality:4]]
[2020.02.02-12.51.21:833][  0]LogConfig: Applying CVar settings from Section [ShadowQuality@3] File [E:/Escritorio/Unreal/Practica/Saved/Config/Windows/Scalability.ini]
[2020.02.02-12.51.21:833][  0]LogConfig: Setting CVar [[r.LightFunctionQuality:1]]
[2020.02.02-12.51.21:833][  0]LogConfig: Setting CVar [[r.ShadowQuality:5]]
[2020.02.02-12.51.21:833][  0]LogConfig: Setting CVar [[r.Shadow.CSM.MaxCascades:10]]
[2020.02.02-12.51.21:833][  0]LogConfig: Setting CVar [[r.Shadow.MaxResolution:2048]]
[2020.02.02-12.51.21:833][  0]LogConfig: Setting CVar [[r.Shadow.MaxCSMResolution:2048]]
[2020.02.02-12.51.21:833][  0]LogConfig: Setting CVar [[r.Shadow.RadiusThreshold:0.01]]
[2020.02.02-12.51.21:833][  0]LogConfig: Setting CVar [[r.Shadow.DistanceScale:1.0]]
[2020.02.02-12.51.21:833][  0]LogConfig: Setting CVar [[r.Shadow.CSM.TransitionScale:1.0]]
[2020.02.02-12.51.21:833][  0]LogConfig: Setting CVar [[r.Shadow.PreShadowResolutionFactor:1.0]]
[2020.02.02-12.51.21:833][  0]LogConfig: Setting CVar [[r.DistanceFieldShadowing:1]]
[2020.02.02-12.51.21:833][  0]LogConfig: Setting CVar [[r.DistanceFieldAO:1]]
[2020.02.02-12.51.21:833][  0]LogConfig: Setting CVar [[r.AOQuality:2]]
[2020.02.02-12.51.21:833][  0]LogConfig: Setting CVar [[r.VolumetricFog:1]]
[2020.02.02-12.51.21:833][  0]LogConfig: Setting CVar [[r.VolumetricFog.GridPixelSize:8]]
[2020.02.02-12.51.21:833][  0]LogConfig: Setting CVar [[r.VolumetricFog.GridSizeZ:128]]
[2020.02.02-12.51.21:833][  0]LogConfig: Setting CVar [[r.VolumetricFog.HistoryMissSupersampleCount:4]]
[2020.02.02-12.51.21:833][  0]LogConfig: Setting CVar [[r.LightMaxDrawDistanceScale:1]]
[2020.02.02-12.51.21:833][  0]LogConfig: Setting CVar [[r.CapsuleShadows:1]]
[2020.02.02-12.51.21:833][  0]LogConfig: Applying CVar settings from Section [PostProcessQuality@3] File [E:/Escritorio/Unreal/Practica/Saved/Config/Windows/Scalability.ini]
[2020.02.02-12.51.21:833][  0]LogConfig: Setting CVar [[r.MotionBlurQuality:4]]
[2020.02.02-12.51.21:833][  0]LogConfig: Setting CVar [[r.AmbientOcclusionMipLevelFactor:0.4]]
[2020.02.02-12.51.21:833][  0]LogConfig: Setting CVar [[r.AmbientOcclusionMaxQuality:100]]
[2020.02.02-12.51.21:833][  0]LogConfig: Setting CVar [[r.AmbientOcclusionLevels:-1]]
[2020.02.02-12.51.21:833][  0]LogConfig: Setting CVar [[r.AmbientOcclusionRadiusScale:1.0]]
[2020.02.02-12.51.21:833][  0]LogConfig: Setting CVar [[r.DepthOfFieldQuality:2]]
[2020.02.02-12.51.21:833][  0]LogConfig: Setting CVar [[r.RenderTargetPoolMin:400]]
[2020.02.02-12.51.21:833][  0]LogConfig: Setting CVar [[r.LensFlareQuality:2]]
[2020.02.02-12.51.21:833][  0]LogConfig: Setting CVar [[r.SceneColorFringeQuality:1]]
[2020.02.02-12.51.21:833][  0]LogConfig: Setting CVar [[r.EyeAdaptationQuality:2]]
[2020.02.02-12.51.21:833][  0]LogConfig: Setting CVar [[r.BloomQuality:5]]
[2020.02.02-12.51.21:833][  0]LogConfig: Setting CVar [[r.FastBlurThreshold:100]]
[2020.02.02-12.51.21:833][  0]LogConfig: Setting CVar [[r.Upscale.Quality:3]]
[2020.02.02-12.51.21:833][  0]LogConfig: Setting CVar [[r.Tonemapper.GrainQuantization:1]]
[2020.02.02-12.51.21:833][  0]LogConfig: Setting CVar [[r.LightShaftQuality:1]]
[2020.02.02-12.51.21:833][  0]LogConfig: Setting CVar [[r.Filter.SizeScale:1]]
[2020.02.02-12.51.21:833][  0]LogConfig: Setting CVar [[r.Tonemapper.Quality:5]]
[2020.02.02-12.51.21:833][  0]LogConfig: Setting CVar [[r.DOF.Gather.AccumulatorQuality:1        ; higher gathering accumulator quality]]
[2020.02.02-12.51.21:833][  0]LogConfig: Setting CVar [[r.DOF.Gather.PostfilterMethod:1          ; Median3x3 postfilering method]]
[2020.02.02-12.51.21:833][  0]LogConfig: Setting CVar [[r.DOF.Gather.EnableBokehSettings:0       ; no bokeh simulation when gathering]]
[2020.02.02-12.51.21:833][  0]LogConfig: Setting CVar [[r.DOF.Gather.RingCount:4                 ; medium number of samples when gathering]]
[2020.02.02-12.51.21:833][  0]LogConfig: Setting CVar [[r.DOF.Scatter.ForegroundCompositing:1    ; additive foreground scattering]]
[2020.02.02-12.51.21:833][  0]LogConfig: Setting CVar [[r.DOF.Scatter.BackgroundCompositing:2    ; additive background scattering]]
[2020.02.02-12.51.21:833][  0]LogConfig: Setting CVar [[r.DOF.Scatter.EnableBokehSettings:1      ; bokeh simulation when scattering]]
[2020.02.02-12.51.21:833][  0]LogConfig: Setting CVar [[r.DOF.Scatter.MaxSpriteRatio:0.1         ; only a maximum of 10% of scattered bokeh]]
[2020.02.02-12.51.21:833][  0]LogConfig: Setting CVar [[r.DOF.Recombine.Quality:1                ; cheap slight out of focus]]
[2020.02.02-12.51.21:833][  0]LogConfig: Setting CVar [[r.DOF.Recombine.EnableBokehSettings:0    ; no bokeh simulation on slight out of focus]]
[2020.02.02-12.51.21:833][  0]LogConfig: Setting CVar [[r.DOF.TemporalAAQuality:1                ; more stable temporal accumulation]]
[2020.02.02-12.51.21:833][  0]LogConfig: Setting CVar [[r.DOF.Kernel.MaxForegroundRadius:0.025]]
[2020.02.02-12.51.21:833][  0]LogConfig: Setting CVar [[r.DOF.Kernel.MaxBackgroundRadius:0.025]]
[2020.02.02-12.51.21:833][  0]LogConfig: Applying CVar settings from Section [TextureQuality@3] File [E:/Escritorio/Unreal/Practica/Saved/Config/Windows/Scalability.ini]
[2020.02.02-12.51.21:833][  0]LogConfig: Setting CVar [[r.Streaming.MipBias:0]]
[2020.02.02-12.51.21:833][  0]LogConfig: Setting CVar [[r.Streaming.AmortizeCPUToGPUCopy:0]]
[2020.02.02-12.51.21:833][  0]LogConfig: Setting CVar [[r.Streaming.MaxNumTexturesToStreamPerFrame:0]]
[2020.02.02-12.51.21:833][  0]LogConfig: Setting CVar [[r.Streaming.Boost:1]]
[2020.02.02-12.51.21:833][  0]LogConfig: Setting CVar [[r.MaxAnisotropy:8]]
[2020.02.02-12.51.21:833][  0]LogConfig: Setting CVar [[r.VT.MaxAnisotropy:8]]
[2020.02.02-12.51.21:833][  0]LogConfig: Setting CVar [[r.Streaming.LimitPoolSizeToVRAM:0]]
[2020.02.02-12.51.21:833][  0]LogConfig: Setting CVar [[r.Streaming.PoolSize:1000]]
[2020.02.02-12.51.21:833][  0]LogConfig: Setting CVar [[r.Streaming.MaxEffectiveScreenSize:0]]
[2020.02.02-12.51.21:833][  0]LogConfig: Applying CVar settings from Section [EffectsQuality@3] File [E:/Escritorio/Unreal/Practica/Saved/Config/Windows/Scalability.ini]
[2020.02.02-12.51.21:833][  0]LogConfig: Setting CVar [[r.TranslucencyLightingVolumeDim:64]]
[2020.02.02-12.51.21:834][  0]LogConfig: Setting CVar [[r.RefractionQuality:2]]
[2020.02.02-12.51.21:834][  0]LogConfig: Setting CVar [[r.SSR.Quality:3]]
[2020.02.02-12.51.21:834][  0]LogConfig: Setting CVar [[r.SSR.HalfResSceneColor:0]]
[2020.02.02-12.51.21:834][  0]LogConfig: Setting CVar [[r.SceneColorFormat:4]]
[2020.02.02-12.51.21:834][  0]LogConfig: Setting CVar [[r.DetailMode:2]]
[2020.02.02-12.51.21:834][  0]LogConfig: Setting CVar [[r.TranslucencyVolumeBlur:1]]
[2020.02.02-12.51.21:834][  0]LogConfig: Setting CVar [[r.MaterialQualityLevel:1 ; High quality]]
[2020.02.02-12.51.21:834][  0]LogConfig: Setting CVar [[r.SSS.Scale:1]]
[2020.02.02-12.51.21:834][  0]LogConfig: Setting CVar [[r.SSS.SampleSet:2]]
[2020.02.02-12.51.21:834][  0]LogConfig: Setting CVar [[r.SSS.Quality:1]]
[2020.02.02-12.51.21:834][  0]LogConfig: Setting CVar [[r.SSS.HalfRes:1]]
[2020.02.02-12.51.21:834][  0]LogConfig: Setting CVar [[r.SSGI.Quality:3]]
[2020.02.02-12.51.21:834][  0]LogConfig: Setting CVar [[r.EmitterSpawnRateScale:1.0]]
[2020.02.02-12.51.21:834][  0]LogConfig: Setting CVar [[r.ParticleLightQuality:2]]
[2020.02.02-12.51.21:834][  0]LogConfig: Setting CVar [[r.SkyAtmosphere.AerialPerspectiveLUT.FastApplyOnOpaque:1 ; Always have FastSkyLUT 1 in this case to avoid wrong sky]]
[2020.02.02-12.51.21:834][  0]LogConfig: Setting CVar [[r.SkyAtmosphere.AerialPerspectiveLUT.SampleCountPerSlice:1]]
[2020.02.02-12.51.21:834][  0]LogConfig: Setting CVar [[r.SkyAtmosphere.AerialPerspectiveLUT.DepthResolution:16.0]]
[2020.02.02-12.51.21:834][  0]LogConfig: Setting CVar [[r.SkyAtmosphere.FastSkyLUT:1]]
[2020.02.02-12.51.21:834][  0]LogConfig: Setting CVar [[r.SkyAtmosphere.FastSkyLUT.SampleCountMin:4.0]]
[2020.02.02-12.51.21:834][  0]LogConfig: Setting CVar [[r.SkyAtmosphere.FastSkyLUT.SampleCountMax:32.0]]
[2020.02.02-12.51.21:834][  0]LogConfig: Setting CVar [[r.SkyAtmosphere.SampleCountMin:4.0]]
[2020.02.02-12.51.21:834][  0]LogConfig: Setting CVar [[r.SkyAtmosphere.SampleCountMax:32.0]]
[2020.02.02-12.51.21:834][  0]LogConfig: Setting CVar [[r.SkyAtmosphere.TransmittanceLUT.UseSmallFormat:0]]
[2020.02.02-12.51.21:834][  0]LogConfig: Setting CVar [[r.SkyAtmosphere.TransmittanceLUT.SampleCount:10.0]]
[2020.02.02-12.51.21:834][  0]LogConfig: Setting CVar [[r.SkyAtmosphere.MultiScatteringLUT.SampleCount:15.0]]
[2020.02.02-12.51.21:834][  0]LogConfig: Applying CVar settings from Section [FoliageQuality@3] File [E:/Escritorio/Unreal/Practica/Saved/Config/Windows/Scalability.ini]
[2020.02.02-12.51.21:834][  0]LogConfig: Setting CVar [[foliage.DensityScale:1.0]]
[2020.02.02-12.51.21:834][  0]LogConfig: Setting CVar [[grass.DensityScale:1.0]]
[2020.02.02-12.51.21:834][  0]LogConfig: Applying CVar settings from Section [ShadingQuality@3] File [E:/Escritorio/Unreal/Practica/Saved/Config/Windows/Scalability.ini]
[2020.02.02-12.51.21:834][  0]LogConfig: Setting CVar [[r.HairStrands.SkyLighting.SampleCount:16]]
[2020.02.02-12.51.21:834][  0]LogConfig: Setting CVar [[r.HairStrands.SkyLighting.JitterIntegration:0]]
[2020.02.02-12.51.21:834][  0]LogConfig: Setting CVar [[r.HairStrands.SkyAO.SampleCount:16]]
[2020.02.02-12.51.21:834][  0]LogInit: Selected Device Profile: [Windows]
[2020.02.02-12.51.21:834][  0]LogInit: Applying CVar settings loaded from the selected device profile: [Windows]
[2020.02.02-12.51.21:836][  0]LogHAL: Display: Platform has ~ 64 GB [68644315136 / 68719476736 / 64], which maps to Largest [LargestMinGB=32, LargerMinGB=12, DefaultMinGB=8, SmallerMinGB=6, SmallestMinGB=0)
[2020.02.02-12.51.21:836][  0]LogInit: Going up to parent DeviceProfile []
[2020.02.02-12.51.21:836][  0]LogConfig: Applying CVar settings from Section [ViewDistanceQuality@3] File [E:/Escritorio/Unreal/Practica/Saved/Config/Windows/Scalability.ini]
[2020.02.02-12.51.21:836][  0]LogConfig: Setting CVar [[r.SkeletalMeshLODBias:0]]
[2020.02.02-12.51.21:836][  0]LogConfig: Setting CVar [[r.ViewDistanceScale:1.0]]
[2020.02.02-12.51.21:836][  0]LogConfig: Applying CVar settings from Section [AntiAliasingQuality@3] File [E:/Escritorio/Unreal/Practica/Saved/Config/Windows/Scalability.ini]
[2020.02.02-12.51.21:836][  0]LogConfig: Setting CVar [[r.PostProcessAAQuality:4]]
[2020.02.02-12.51.21:836][  0]LogConfig: Applying CVar settings from Section [ShadowQuality@3] File [E:/Escritorio/Unreal/Practica/Saved/Config/Windows/Scalability.ini]
[2020.02.02-12.51.21:836][  0]LogConfig: Setting CVar [[r.LightFunctionQuality:1]]
[2020.02.02-12.51.21:836][  0]LogConfig: Setting CVar [[r.ShadowQuality:5]]
[2020.02.02-12.51.21:836][  0]LogConfig: Setting CVar [[r.Shadow.CSM.MaxCascades:10]]
[2020.02.02-12.51.21:836][  0]LogConfig: Setting CVar [[r.Shadow.MaxResolution:2048]]
[2020.02.02-12.51.21:836][  0]LogConfig: Setting CVar [[r.Shadow.MaxCSMResolution:2048]]
[2020.02.02-12.51.21:836][  0]LogConfig: Setting CVar [[r.Shadow.RadiusThreshold:0.01]]
[2020.02.02-12.51.21:836][  0]LogConfig: Setting CVar [[r.Shadow.DistanceScale:1.0]]
[2020.02.02-12.51.21:836][  0]LogConfig: Setting CVar [[r.Shadow.CSM.TransitionScale:1.0]]
[2020.02.02-12.51.21:836][  0]LogConfig: Setting CVar [[r.Shadow.PreShadowResolutionFactor:1.0]]
[2020.02.02-12.51.21:836][  0]LogConfig: Setting CVar [[r.DistanceFieldShadowing:1]]
[2020.02.02-12.51.21:836][  0]LogConfig: Setting CVar [[r.DistanceFieldAO:1]]
[2020.02.02-12.51.21:836][  0]LogConfig: Setting CVar [[r.AOQuality:2]]
[2020.02.02-12.51.21:836][  0]LogConfig: Setting CVar [[r.VolumetricFog:1]]
[2020.02.02-12.51.21:836][  0]LogConfig: Setting CVar [[r.VolumetricFog.GridPixelSize:8]]
[2020.02.02-12.51.21:836][  0]LogConfig: Setting CVar [[r.VolumetricFog.GridSizeZ:128]]
[2020.02.02-12.51.21:836][  0]LogConfig: Setting CVar [[r.VolumetricFog.HistoryMissSupersampleCount:4]]
[2020.02.02-12.51.21:836][  0]LogConfig: Setting CVar [[r.LightMaxDrawDistanceScale:1]]
[2020.02.02-12.51.21:836][  0]LogConfig: Setting CVar [[r.CapsuleShadows:1]]
[2020.02.02-12.51.21:836][  0]LogConfig: Applying CVar settings from Section [PostProcessQuality@3] File [E:/Escritorio/Unreal/Practica/Saved/Config/Windows/Scalability.ini]
[2020.02.02-12.51.21:836][  0]LogConfig: Setting CVar [[r.MotionBlurQuality:4]]
[2020.02.02-12.51.21:836][  0]LogConfig: Setting CVar [[r.AmbientOcclusionMipLevelFactor:0.4]]
[2020.02.02-12.51.21:836][  0]LogConfig: Setting CVar [[r.AmbientOcclusionMaxQuality:100]]
[2020.02.02-12.51.21:836][  0]LogConfig: Setting CVar [[r.AmbientOcclusionLevels:-1]]
[2020.02.02-12.51.21:836][  0]LogConfig: Setting CVar [[r.AmbientOcclusionRadiusScale:1.0]]
[2020.02.02-12.51.21:836][  0]LogConfig: Setting CVar [[r.DepthOfFieldQuality:2]]
[2020.02.02-12.51.21:836][  0]LogConfig: Setting CVar [[r.RenderTargetPoolMin:400]]
[2020.02.02-12.51.21:836][  0]LogConfig: Setting CVar [[r.LensFlareQuality:2]]
[2020.02.02-12.51.21:836][  0]LogConfig: Setting CVar [[r.SceneColorFringeQuality:1]]
[2020.02.02-12.51.21:836][  0]LogConfig: Setting CVar [[r.EyeAdaptationQuality:2]]
[2020.02.02-12.51.21:836][  0]LogConfig: Setting CVar [[r.BloomQuality:5]]
[2020.02.02-12.51.21:836][  0]LogConfig: Setting CVar [[r.FastBlurThreshold:100]]
[2020.02.02-12.51.21:836][  0]LogConfig: Setting CVar [[r.Upscale.Quality:3]]
[2020.02.02-12.51.21:836][  0]LogConfig: Setting CVar [[r.Tonemapper.GrainQuantization:1]]
[2020.02.02-12.51.21:836][  0]LogConfig: Setting CVar [[r.LightShaftQuality:1]]
[2020.02.02-12.51.21:836][  0]LogConfig: Setting CVar [[r.Filter.SizeScale:1]]
[2020.02.02-12.51.21:836][  0]LogConfig: Setting CVar [[r.Tonemapper.Quality:5]]
[2020.02.02-12.51.21:836][  0]LogConfig: Setting CVar [[r.DOF.Gather.AccumulatorQuality:1        ; higher gathering accumulator quality]]
[2020.02.02-12.51.21:836][  0]LogConfig: Setting CVar [[r.DOF.Gather.PostfilterMethod:1          ; Median3x3 postfilering method]]
[2020.02.02-12.51.21:836][  0]LogConfig: Setting CVar [[r.DOF.Gather.EnableBokehSettings:0       ; no bokeh simulation when gathering]]
[2020.02.02-12.51.21:836][  0]LogConfig: Setting CVar [[r.DOF.Gather.RingCount:4                 ; medium number of samples when gathering]]
[2020.02.02-12.51.21:836][  0]LogConfig: Setting CVar [[r.DOF.Scatter.ForegroundCompositing:1    ; additive foreground scattering]]
[2020.02.02-12.51.21:836][  0]LogConfig: Setting CVar [[r.DOF.Scatter.BackgroundCompositing:2    ; additive background scattering]]
[2020.02.02-12.51.21:836][  0]LogConfig: Setting CVar [[r.DOF.Scatter.EnableBokehSettings:1      ; bokeh simulation when scattering]]
[2020.02.02-12.51.21:836][  0]LogConfig: Setting CVar [[r.DOF.Scatter.MaxSpriteRatio:0.1         ; only a maximum of 10% of scattered bokeh]]
[2020.02.02-12.51.21:836][  0]LogConfig: Setting CVar [[r.DOF.Recombine.Quality:1                ; cheap slight out of focus]]
[2020.02.02-12.51.21:836][  0]LogConfig: Setting CVar [[r.DOF.Recombine.EnableBokehSettings:0    ; no bokeh simulation on slight out of focus]]
[2020.02.02-12.51.21:836][  0]LogConfig: Setting CVar [[r.DOF.TemporalAAQuality:1                ; more stable temporal accumulation]]
[2020.02.02-12.51.21:836][  0]LogConfig: Setting CVar [[r.DOF.Kernel.MaxForegroundRadius:0.025]]
[2020.02.02-12.51.21:836][  0]LogConfig: Setting CVar [[r.DOF.Kernel.MaxBackgroundRadius:0.025]]
[2020.02.02-12.51.21:836][  0]LogConfig: Applying CVar settings from Section [TextureQuality@3] File [E:/Escritorio/Unreal/Practica/Saved/Config/Windows/Scalability.ini]
[2020.02.02-12.51.21:836][  0]LogConfig: Setting CVar [[r.Streaming.MipBias:0]]
[2020.02.02-12.51.21:836][  0]LogConfig: Setting CVar [[r.Streaming.AmortizeCPUToGPUCopy:0]]
[2020.02.02-12.51.21:837][  0]LogConfig: Setting CVar [[r.Streaming.MaxNumTexturesToStreamPerFrame:0]]
[2020.02.02-12.51.21:837][  0]LogConfig: Setting CVar [[r.Streaming.Boost:1]]
[2020.02.02-12.51.21:837][  0]LogConfig: Setting CVar [[r.MaxAnisotropy:8]]
[2020.02.02-12.51.21:837][  0]LogConfig: Setting CVar [[r.VT.MaxAnisotropy:8]]
[2020.02.02-12.51.21:837][  0]LogConfig: Setting CVar [[r.Streaming.LimitPoolSizeToVRAM:0]]
[2020.02.02-12.51.21:837][  0]LogConfig: Setting CVar [[r.Streaming.PoolSize:1000]]
[2020.02.02-12.51.21:837][  0]LogConfig: Setting CVar [[r.Streaming.MaxEffectiveScreenSize:0]]
[2020.02.02-12.51.21:837][  0]LogConfig: Applying CVar settings from Section [EffectsQuality@3] File [E:/Escritorio/Unreal/Practica/Saved/Config/Windows/Scalability.ini]
[2020.02.02-12.51.21:837][  0]LogConfig: Setting CVar [[r.TranslucencyLightingVolumeDim:64]]
[2020.02.02-12.51.21:837][  0]LogConfig: Setting CVar [[r.RefractionQuality:2]]
[2020.02.02-12.51.21:837][  0]LogConfig: Setting CVar [[r.SSR.Quality:3]]
[2020.02.02-12.51.21:837][  0]LogConfig: Setting CVar [[r.SSR.HalfResSceneColor:0]]
[2020.02.02-12.51.21:837][  0]LogConfig: Setting CVar [[r.SceneColorFormat:4]]
[2020.02.02-12.51.21:837][  0]LogConfig: Setting CVar [[r.DetailMode:2]]
[2020.02.02-12.51.21:837][  0]LogConfig: Setting CVar [[r.TranslucencyVolumeBlur:1]]
[2020.02.02-12.51.21:837][  0]LogConfig: Setting CVar [[r.MaterialQualityLevel:1 ; High quality]]
[2020.02.02-12.51.21:837][  0]LogConfig: Setting CVar [[r.SSS.Scale:1]]
[2020.02.02-12.51.21:837][  0]LogConfig: Setting CVar [[r.SSS.SampleSet:2]]
[2020.02.02-12.51.21:837][  0]LogConfig: Setting CVar [[r.SSS.Quality:1]]
[2020.02.02-12.51.21:837][  0]LogConfig: Setting CVar [[r.SSS.HalfRes:1]]
[2020.02.02-12.51.21:837][  0]LogConfig: Setting CVar [[r.SSGI.Quality:3]]
[2020.02.02-12.51.21:837][  0]LogConfig: Setting CVar [[r.EmitterSpawnRateScale:1.0]]
[2020.02.02-12.51.21:837][  0]LogConfig: Setting CVar [[r.ParticleLightQuality:2]]
[2020.02.02-12.51.21:837][  0]LogConfig: Setting CVar [[r.SkyAtmosphere.AerialPerspectiveLUT.FastApplyOnOpaque:1 ; Always have FastSkyLUT 1 in this case to avoid wrong sky]]
[2020.02.02-12.51.21:837][  0]LogConfig: Setting CVar [[r.SkyAtmosphere.AerialPerspectiveLUT.SampleCountPerSlice:1]]
[2020.02.02-12.51.21:837][  0]LogConfig: Setting CVar [[r.SkyAtmosphere.AerialPerspectiveLUT.DepthResolution:16.0]]
[2020.02.02-12.51.21:837][  0]LogConfig: Setting CVar [[r.SkyAtmosphere.FastSkyLUT:1]]
[2020.02.02-12.51.21:837][  0]LogConfig: Setting CVar [[r.SkyAtmosphere.FastSkyLUT.SampleCountMin:4.0]]
[2020.02.02-12.51.21:837][  0]LogConfig: Setting CVar [[r.SkyAtmosphere.FastSkyLUT.SampleCountMax:32.0]]
[2020.02.02-12.51.21:837][  0]LogConfig: Setting CVar [[r.SkyAtmosphere.SampleCountMin:4.0]]
[2020.02.02-12.51.21:837][  0]LogConfig: Setting CVar [[r.SkyAtmosphere.SampleCountMax:32.0]]
[2020.02.02-12.51.21:837][  0]LogConfig: Setting CVar [[r.SkyAtmosphere.TransmittanceLUT.UseSmallFormat:0]]
[2020.02.02-12.51.21:837][  0]LogConfig: Setting CVar [[r.SkyAtmosphere.TransmittanceLUT.SampleCount:10.0]]
[2020.02.02-12.51.21:837][  0]LogConfig: Setting CVar [[r.SkyAtmosphere.MultiScatteringLUT.SampleCount:15.0]]
[2020.02.02-12.51.21:837][  0]LogConfig: Applying CVar settings from Section [FoliageQuality@3] File [E:/Escritorio/Unreal/Practica/Saved/Config/Windows/Scalability.ini]
[2020.02.02-12.51.21:837][  0]LogConfig: Setting CVar [[foliage.DensityScale:1.0]]
[2020.02.02-12.51.21:837][  0]LogConfig: Setting CVar [[grass.DensityScale:1.0]]
[2020.02.02-12.51.21:837][  0]LogConfig: Applying CVar settings from Section [ShadingQuality@3] File [E:/Escritorio/Unreal/Practica/Saved/Config/Windows/Scalability.ini]
[2020.02.02-12.51.21:837][  0]LogConfig: Setting CVar [[r.HairStrands.SkyLighting.SampleCount:16]]
[2020.02.02-12.51.21:837][  0]LogConfig: Setting CVar [[r.HairStrands.SkyLighting.JitterIntegration:0]]
[2020.02.02-12.51.21:837][  0]LogConfig: Setting CVar [[r.HairStrands.SkyAO.SampleCount:16]]
[2020.02.02-12.51.21:837][  0]LogConfig: Applying CVar settings from Section [Startup] File [../../../Engine/Config/ConsoleVariables.ini]
[2020.02.02-12.51.21:837][  0]LogConfig: Setting CVar [[net.UseAdaptiveNetUpdateFrequency:0]]
[2020.02.02-12.51.21:837][  0]LogConfig: Setting CVar [[p.chaos.AllowCreatePhysxBodies:1]]
[2020.02.02-12.51.21:837][  0]LogConfig: Applying CVar settings from Section [ConsoleVariables] File [E:/Escritorio/Unreal/Practica/Saved/Config/Windows/Engine.ini]
[2020.02.02-12.51.21:837][  0]LogInit: Computer: DESKTOP-OAQTGM7
[2020.02.02-12.51.21:837][  0]LogInit: User: erike
[2020.02.02-12.51.21:837][  0]LogInit: CPU Page size=4096, Cores=6
[2020.02.02-12.51.21:837][  0]LogInit: High frequency timer resolution =10.000000 MHz
[2020.02.02-12.51.21:837][  0]LogMemory: Memory total: Physical=63.9GB (64GB approx)
[2020.02.02-12.51.21:837][  0]LogMemory: Platform Memory Stats for Windows
[2020.02.02-12.51.21:837][  0]LogMemory: Process Physical Memory: 105.44 MB used, 105.44 MB peak
[2020.02.02-12.51.21:837][  0]LogMemory: Process Virtual Memory: 101.62 MB used, 101.62 MB peak
[2020.02.02-12.51.21:837][  0]LogMemory: Physical Memory: 6876.86 MB used,  58587.46 MB free, 65464.32 MB total
[2020.02.02-12.51.21:837][  0]LogMemory: Virtual Memory: 5159.46 MB used,  134212568.00 MB free, 134217728.00 MB total
[2020.02.02-12.51.21:844][  0]LogWindows: WindowsPlatformFeatures enabled
[2020.02.02-12.51.21:857][  0]LogInit: Using OS detected language (ca-ES).
[2020.02.02-12.51.21:857][  0]LogInit: Using OS detected locale (en-GB).
[2020.02.02-12.51.21:858][  0]LogTextLocalizationManager: No localization for 'ca-ES' exists, so 'en' will be used for the language.
[2020.02.02-12.51.21:973][  0]LogInit: Setting process to per monitor DPI aware
[2020.02.02-12.51.21:998][  0]LogSlate: New Slate User Created.  User Index 0, Is Virtual User: 0
[2020.02.02-12.51.21:998][  0]LogSlate: Slate User Registered.  User Index 0, Is Virtual User: 0
[2020.02.02-12.51.22:099][  0]LogHMD: Failed to initialize OpenVR with code 110
[2020.02.02-12.51.22:099][  0]LogD3D11RHI: D3D11 min allowed feature level: 11_0
[2020.02.02-12.51.22:099][  0]LogD3D11RHI: D3D11 max allowed feature level: 11_0
[2020.02.02-12.51.22:099][  0]LogD3D11RHI: D3D11 adapters:
[2020.02.02-12.51.22:173][  0]LogD3D11RHI:    0. 'NVIDIA GeForce RTX 2080 Ti' (Feature Level 11_0)
[2020.02.02-12.51.22:174][  0]LogD3D11RHI:       11048/0/32732 MB DedicatedVideo/DedicatedSystem/SharedSystem, Outputs:1, VendorId:0x10de
[2020.02.02-12.51.22:176][  0]LogD3D11RHI:    1. 'Microsoft Basic Render Driver' (Feature Level 11_0)
[2020.02.02-12.51.22:176][  0]LogD3D11RHI:       0/0/32732 MB DedicatedVideo/DedicatedSystem/SharedSystem, Outputs:0, VendorId:0x1414
[2020.02.02-12.51.22:176][  0]LogD3D11RHI: Chosen D3D11 Adapter: 0
[2020.02.02-12.51.22:184][  0]LogD3D11RHI: Creating new Direct3DDevice
[2020.02.02-12.51.22:184][  0]LogD3D11RHI:     GPU DeviceId: 0x1e07 (for the marketing name, search the web for "GPU Device Id")
[2020.02.02-12.51.22:184][  0]LogWindows: EnumDisplayDevices:
[2020.02.02-12.51.22:185][  0]LogWindows:    0. 'NVIDIA GeForce RTX 2080 Ti' (P:1 D:1)
[2020.02.02-12.51.22:185][  0]LogWindows:    1. 'NVIDIA GeForce RTX 2080 Ti' (P:0 D:0)
[2020.02.02-12.51.22:185][  0]LogWindows:    2. 'NVIDIA GeForce RTX 2080 Ti' (P:0 D:0)
[2020.02.02-12.51.22:185][  0]LogWindows:    3. 'NVIDIA GeForce RTX 2080 Ti' (P:0 D:0)
[2020.02.02-12.51.22:185][  0]LogWindows: DebugString: FoundDriverCount:4 
[2020.02.02-12.51.22:185][  0]LogD3D11RHI:     Adapter Name: NVIDIA GeForce RTX 2080 Ti
[2020.02.02-12.51.22:185][  0]LogD3D11RHI:   Driver Version: 441.87 (internal:26.21.14.4187, unified:441.87)
[2020.02.02-12.51.22:185][  0]LogD3D11RHI:      Driver Date: 12-24-2019
[2020.02.02-12.51.22:185][  0]LogRHI: Texture pool is 7733 MB (70% of 11048 MB)
[2020.02.02-12.51.22:230][  0]LogD3D11RHI: RHI has support for 64 bit atomics
[2020.02.02-12.51.22:230][  0]LogD3D11RHI: Async texture creation enabled
[2020.02.02-12.51.22:258][  0]LogD3D11RHI: GPU Timing Frequency: 1000.000000 (Debug: 2 2)
[2020.02.02-12.51.22:466][  0]LogTargetPlatformManager: Display: Loaded TargetPlatform 'AllDesktop'
[2020.02.02-12.51.22:492][  0]LogTargetPlatformManager: Display: Loaded TargetPlatform 'Android'
[2020.02.02-12.51.22:492][  0]LogTargetPlatformManager: Display: Loaded TargetPlatform 'Android_ASTC'
[2020.02.02-12.51.22:492][  0]LogTargetPlatformManager: Display: Loaded TargetPlatform 'Android_ATC'
[2020.02.02-12.51.22:492][  0]LogTargetPlatformManager: Display: Loaded TargetPlatform 'Android_DXT'
[2020.02.02-12.51.22:492][  0]LogTargetPlatformManager: Display: Loaded TargetPlatform 'Android_ETC1'
[2020.02.02-12.51.22:492][  0]LogTargetPlatformManager: Display: Loaded TargetPlatform 'Android_ETC1a'
[2020.02.02-12.51.22:492][  0]LogTargetPlatformManager: Display: Loaded TargetPlatform 'Android_ETC2'
[2020.02.02-12.51.22:492][  0]LogTargetPlatformManager: Display: Loaded TargetPlatform 'Android_PVRTC'
[2020.02.02-12.51.22:492][  0]LogTargetPlatformManager: Display: Loaded TargetPlatform 'AndroidClient'
[2020.02.02-12.51.22:492][  0]LogTargetPlatformManager: Display: Loaded TargetPlatform 'Android_ASTCClient'
[2020.02.02-12.51.22:492][  0]LogTargetPlatformManager: Display: Loaded TargetPlatform 'Android_ATCClient'
[2020.02.02-12.51.22:492][  0]LogTargetPlatformManager: Display: Loaded TargetPlatform 'Android_DXTClient'
[2020.02.02-12.51.22:492][  0]LogTargetPlatformManager: Display: Loaded TargetPlatform 'Android_ETC1Client'
[2020.02.02-12.51.22:492][  0]LogTargetPlatformManager: Display: Loaded TargetPlatform 'Android_ETC1aClient'
[2020.02.02-12.51.22:492][  0]LogTargetPlatformManager: Display: Loaded TargetPlatform 'Android_ETC2Client'
[2020.02.02-12.51.22:492][  0]LogTargetPlatformManager: Display: Loaded TargetPlatform 'Android_PVRTCClient'
[2020.02.02-12.51.22:492][  0]LogTargetPlatformManager: Display: Loaded TargetPlatform 'Android_Multi'
[2020.02.02-12.51.22:492][  0]LogTargetPlatformManager: Display: Loaded TargetPlatform 'Android_MultiClient'
[2020.02.02-12.51.22:507][  0]LogTargetPlatformManager: Display: Loaded TargetPlatform 'IOSClient'
[2020.02.02-12.51.22:507][  0]LogTargetPlatformManager: Display: Loaded TargetPlatform 'IOS'
[2020.02.02-12.51.22:512][  0]LogTargetPlatformManager: Display: Loaded TargetPlatform 'LinuxNoEditor'
[2020.02.02-12.51.22:518][  0]LogTargetPlatformManager: Display: Loaded TargetPlatform 'LinuxClient'
[2020.02.02-12.51.22:524][  0]LogTargetPlatformManager: Display: Loaded TargetPlatform 'LinuxServer'
[2020.02.02-12.51.22:529][  0]LogTargetPlatformManager: Display: Loaded TargetPlatform 'LinuxAArch64NoEditor'
[2020.02.02-12.51.22:535][  0]LogTargetPlatformManager: Display: Loaded TargetPlatform 'LinuxAArch64Client'
[2020.02.02-12.51.22:540][  0]LogTargetPlatformManager: Display: Loaded TargetPlatform 'LinuxAArch64Server'
[2020.02.02-12.51.22:559][  0]LogTargetPlatformManager: Display: Loaded TargetPlatform 'Lumin'
[2020.02.02-12.51.22:559][  0]LogTargetPlatformManager: Display: Loaded TargetPlatform 'LuminClient'
[2020.02.02-12.51.22:569][  0]LogTargetPlatformManager: Display: Loaded TargetPlatform 'TVOSClient'
[2020.02.02-12.51.22:569][  0]LogTargetPlatformManager: Display: Loaded TargetPlatform 'TVOS'
[2020.02.02-12.51.22:575][  0]LogTargetPlatformManager: Display: Loaded TargetPlatform 'WindowsNoEditor'
[2020.02.02-12.51.22:581][  0]LogTargetPlatformManager: Display: Loaded TargetPlatform 'Windows'
[2020.02.02-12.51.22:586][  0]LogTargetPlatformManager: Display: Loaded TargetPlatform 'WindowsClient'
[2020.02.02-12.51.22:592][  0]LogTargetPlatformManager: Display: Loaded TargetPlatform 'WindowsServer'
[2020.02.02-12.51.22:592][  0]LogTargetPlatformManager: Display: Building Assets For Windows
[2020.02.02-12.51.22:594][  0]LogAudioDebug: Display: Lib vorbis DLL was dynamically loaded.
[2020.02.02-12.51.22:609][  0]LogShaderCompilers: Guid format shader working directory is 16 characters bigger than the processId version (E:/Escritorio/Unreal/Practica/Intermediate/Shaders/WorkingDirectory/17164/).
[2020.02.02-12.51.22:609][  0]LogShaderCompilers: Cleaned the shader compiler working directory 'C:/Users/erike/AppData/Local/Temp/UnrealShaderWorkingDir/AA9A8C474D499A5A529325885759514B/'.
[2020.02.02-12.51.22:609][  0]LogXGEController: Cannot use XGE Controller as Incredibuild is not installed on this machine.
[2020.02.02-12.51.22:609][  0]LogShaderCompilers: Cannot use XGE Shader Compiler as Incredibuild is not installed on this machine.
[2020.02.02-12.51.22:609][  0]LogShaderCompilers: Display: Using Local Shader Compiler.
[2020.02.02-12.51.23:185][  0]LogDerivedDataCache: Display: Max Cache Size: 512 MB
[2020.02.02-12.51.23:223][  0]LogDerivedDataCache: Loaded boot cache 0.04s 78MB C:/Users/erike/AppData/Local/UnrealEngine/4.24/DerivedDataCache/Boot.ddc.
[2020.02.02-12.51.23:223][  0]LogDerivedDataCache: Display: Loaded Boot cache: C:/Users/erike/AppData/Local/UnrealEngine/4.24/DerivedDataCache/Boot.ddc
[2020.02.02-12.51.23:223][  0]LogDerivedDataCache: FDerivedDataBackendGraph:  Pak pak cache file E:/Escritorio/Unreal/Practica/DerivedDataCache/DDC.ddp not found, will not use a pak cache.
[2020.02.02-12.51.23:223][  0]LogDerivedDataCache: Unable to find inner node Pak for hierarchical cache Hierarchy.
[2020.02.02-12.51.23:223][  0]LogDerivedDataCache: FDerivedDataBackendGraph:  CompressedPak pak cache file E:/Escritorio/Unreal/Practica/DerivedDataCache/Compressed.ddp not found, will not use a pak cache.
[2020.02.02-12.51.23:223][  0]LogDerivedDataCache: Unable to find inner node CompressedPak for hierarchical cache Hierarchy.
[2020.02.02-12.51.23:232][  0]LogDerivedDataCache: Display: Pak cache opened for reading ../../../Engine/DerivedDataCache/Compressed.ddp.
[2020.02.02-12.51.23:232][  0]LogDerivedDataCache: FDerivedDataBackendGraph:  EnterprisePak pak cache file ../../../Enterprise/DerivedDataCache/Compressed.ddp not found, will not use a pak cache.
[2020.02.02-12.51.23:232][  0]LogDerivedDataCache: Unable to find inner node EnterprisePak for hierarchical cache Hierarchy.
[2020.02.02-12.51.23:235][  0]LogDerivedDataCache: Using Local data cache path C:/Users/erike/AppData/Local/UnrealEngine/Common/DerivedDataCache: Writable
[2020.02.02-12.51.23:235][  0]LogDerivedDataCache: Shared data cache path not found in *engine.ini, will not use an Shared cache.
[2020.02.02-12.51.23:235][  0]LogDerivedDataCache: Unable to find inner node Shared for hierarchical cache Hierarchy.
[2020.02.02-12.51.23:256][  0]LogMaterial: Verifying Global Shaders for PCD3D_SM5
[2020.02.02-12.51.23:258][  0]LogSlate: Using FreeType 2.10.0
[2020.02.02-12.51.23:258][  0]LogSlate: SlateFontServices - WITH_FREETYPE: 1, WITH_HARFBUZZ: 1
[2020.02.02-12.51.23:298][  0]LogAssetRegistry: FAssetRegistry took 0.0027 seconds to start up
[2020.02.02-12.51.23:542][  0]LogInit: Selected Device Profile: [Windows]
[2020.02.02-12.51.23:665][  0]LogMeshReduction: Using QuadricMeshReduction for automatic static mesh reduction
[2020.02.02-12.51.23:665][  0]LogMeshReduction: Using SimplygonMeshReduction for automatic skeletal mesh reduction
[2020.02.02-12.51.23:665][  0]LogMeshReduction: Using ProxyLODMeshReduction for automatic mesh merging
[2020.02.02-12.51.23:665][  0]LogMeshReduction: No distributed automatic mesh merging module available
[2020.02.02-12.51.23:665][  0]LogMeshMerging: No distributed automatic mesh merging module available
[2020.02.02-12.51.23:674][  0]LogNetVersion: Practica 1.0.0, NetCL: 10570792, EngineNetVer: 13, GameNetVer: 0 (Checksum: 3431992854)
[2020.02.02-12.51.24:474][  0]LogPackageLocalizationCache: Processed 10 localized package path(s) for 1 prioritized culture(s) in 0.047245 seconds
[2020.02.02-12.51.24:480][  0]LogUObjectArray: 46750 objects as part of root set at end of initial load.
[2020.02.02-12.51.24:480][  0]LogUObjectAllocator: 8137160 out of 0 bytes used by permanent object pool.
[2020.02.02-12.51.24:480][  0]LogUObjectArray: CloseDisregardForGC: 0/0 objects in disregard for GC pool
[2020.02.02-12.51.24:812][  0]LogTcpMessaging: Initializing TcpMessaging bridge
[2020.02.02-12.51.24:816][  0]LogUdpMessaging: Initializing bridge on interface 0.0.0.0:0 to multicast group 230.0.0.1:6666.
[2020.02.02-12.51.24:862][  0]SourceControl: Source control is disabled
[2020.02.02-12.51.24:862][  0]SourceControl: Source control is disabled
[2020.02.02-12.51.24:863][  0]SourceControl: Source control is disabled
[2020.02.02-12.51.24:863][  0]SourceControl: Source control is disabled
[2020.02.02-12.51.24:864][  0]SourceControl: Source control is disabled
[2020.02.02-12.51.24:877][  0]LogVSAccessor: Display: Unable to create Visual Studio setup instance: 80040154
[2020.02.02-12.51.24:878][  0]LogVSAccessor: Display: Unable to create Visual Studio setup instance: 80040154
[2020.02.02-12.51.24:937][  0]LogAndroidPermission: UAndroidPermissionCallbackProxy::GetInstance
[2020.02.02-12.51.24:946][  0]LogAudioCaptureCore: Display: No Audio Capture implementations found. Audio input will be silent.
[2020.02.02-12.51.24:946][  0]LogAudioCaptureCore: Display: No Audio Capture implementations found. Audio input will be silent.
[2020.02.02-12.51.25:015][  0]LogOcInput: OculusInput pre-init called
[2020.02.02-12.51.25:022][  0]LogWindows: Failed to load 'OVRPlugin.dll' (GetLastError=126)
[2020.02.02-12.51.25:022][  0]LogWindows: File 'OVRPlugin.dll' does not exist
[2020.02.02-12.51.25:081][  0]LogEngine: Initializing Engine...
[2020.02.02-12.51.25:082][  0]LogHMD: Failed to initialize OpenVR with code 110
[2020.02.02-12.51.25:082][  0]LogStats: UGameplayTagsManager::InitializeManager -  0.000 s
[2020.02.02-12.51.25:344][  0]LogInit: Initializing FReadOnlyCVARCache
[2020.02.02-12.51.25:350][  0]LogAIModule: Creating AISystem for world Untitled
[2020.02.02-12.51.25:357][  0]LogAudioMixer: Display: Audio Mixer Platform Settings:
[2020.02.02-12.51.25:357][  0]LogAudioMixer: Display: 	Sample Rate:						  48000
[2020.02.02-12.51.25:357][  0]LogAudioMixer: Display: 	Callback Buffer Frame Size Requested: 1024
[2020.02.02-12.51.25:357][  0]LogAudioMixer: Display: 	Callback Buffer Frame Size To Use:	  1024
[2020.02.02-12.51.25:357][  0]LogAudioMixer: Display: 	Number of buffers to queue:			  2
[2020.02.02-12.51.25:357][  0]LogAudioMixer: Display: 	Max Channels (voices):				  32
[2020.02.02-12.51.25:357][  0]LogAudioMixer: Display: 	Number of Async Source Workers:		  0
[2020.02.02-12.51.25:357][  0]LogAudio: Display: AudioDevice MaxSources: 32
[2020.02.02-12.51.25:357][  0]LogAudio: Display: Using built-in audio occlusion.
[2020.02.02-12.51.25:357][  0]LogAudioMixer: Display: Initializing audio mixer.
[2020.02.02-12.51.25:379][  0]LogAudioMixer: Display: Audio Device Output Speaker Info:
[2020.02.02-12.51.25:379][  0]LogAudioMixer: Display: Name: Altavoces (Realtek(R) Audio)
[2020.02.02-12.51.25:379][  0]LogAudioMixer: Display: Is Default: Yes
[2020.02.02-12.51.25:379][  0]LogAudioMixer: Display: Sample Rate: 48000
[2020.02.02-12.51.25:379][  0]LogAudioMixer: Display: Channel Count Used: 2
[2020.02.02-12.51.25:379][  0]LogAudioMixer: Display: Device Channel Count: 2
[2020.02.02-12.51.25:379][  0]LogAudioMixer: Display: Channel Order:
[2020.02.02-12.51.25:379][  0]LogAudioMixer: Display: 0: FrontLeft
[2020.02.02-12.51.25:379][  0]LogAudioMixer: Display: 1: FrontRight
[2020.02.02-12.51.25:451][  0]LogAudioMixer: Display: Using Audio Device Altavoces (Realtek(R) Audio)
[2020.02.02-12.51.25:455][  0]LogInit: FAudioDevice initialized.
[2020.02.02-12.51.25:455][  0]LogNetVersion: Set ProjectVersion to 1.0.0.0. Version Checksum will be recalculated on next use.
[2020.02.02-12.51.25:502][  0]LogDerivedDataCache: Saved boot cache 0.05s 78MB C:/Users/erike/AppData/Local/UnrealEngine/4.24/DerivedDataCache/Boot.ddc.
[2020.02.02-12.51.25:504][  0]LogInit: Texture streaming: Enabled
[2020.02.02-12.51.25:513][  0]LogEngineSessionManager: EngineSessionManager initialized
[2020.02.02-12.51.25:513][  0]LogEditorSessionSummary: Verbose: Initializing EditorSessionSummaryWriter for editor session tracking
[2020.02.02-12.51.25:516][  0]LogEditorSessionSummary: EditorSessionSummaryWriter initialized
[2020.02.02-12.51.25:585][  0]LogInit: Transaction tracking system initialized
[2020.02.02-12.51.25:594][  0]BlueprintLog: New page: Editor Load
[2020.02.02-12.51.25:621][  0]LocalizationService: Localization service is disabled
[2020.02.02-12.51.25:669][  0]LogVSAccessor: Display: Unable to create Visual Studio setup instance: 80040154
[2020.02.02-12.51.25:669][  0]LogVSAccessor: Display: Unable to create Visual Studio setup instance: 80040154
[2020.02.02-12.51.25:841][  0]LogFileCache: Scanning file cache for directory 'E:/Escritorio/Unreal/Practica/Content/' took 0.00s
[2020.02.02-12.51.25:841][  0]LogCook: Display: Max memory allowance for cook 16384mb min free memory 0mb
[2020.02.02-12.51.25:841][  0]LogCook: Display: Mobile HDR setting 1
[2020.02.02-12.51.26:324][  0]SourceControl: Source control is disabled
[2020.02.02-12.51.26:324][  0]Cmd: MAP LOAD FILE="E:/Escritorio/Unreal/Practica/Content/ThirdPersonBP/Maps/ThirdPersonExampleMap.umap" TEMPLATE=0 SHOWPROGRESS=1 FEATURELEVEL=3
[2020.02.02-12.51.26:326][  0]LightingResults: New page: Lighting Build
[2020.02.02-12.51.26:327][  0]LogWorld: UWorld::CleanupWorld for Untitled, bSessionEnded=true, bCleanupResources=true
[2020.02.02-12.51.26:327][  0]LogSlate: InvalidateAllWidgets triggered.  All widgets were invalidated
[2020.02.02-12.51.26:327][  0]MapCheck: New page: Map Check
[2020.02.02-12.51.26:327][  0]LightingResults: New page: Lighting Build
[2020.02.02-12.51.26:353][  0]LogUObjectHash: Compacting FUObjectHashTables data took   1.62ms
[2020.02.02-12.51.26:731][  0]LogAIModule: Creating AISystem for world ThirdPersonExampleMap
[2020.02.02-12.51.26:737][  0]LogEditorServer: Finished looking for orphan Actors (0.000 secs)
[2020.02.02-12.51.26:766][  0]LogUObjectHash: Compacting FUObjectHashTables data took   2.07ms
[2020.02.02-12.51.26:767][  0]Cmd: MAP CHECKDEP NOCLEARLOG
[2020.02.02-12.51.26:767][  0]MapCheck: Map check complete: 0 Error(s), 0 Warning(s), took 0.089ms to complete.
[2020.02.02-12.51.26:767][  0]LogFileHelpers: Loading map 'ThirdPersonExampleMap' took 0.443
[2020.02.02-12.51.26:879][  0]LogSlate: Updating window title bar state: overlay mode, drag disabled, window buttons hidden, title bar hidden
[2020.02.02-12.51.26:884][  0]LogSlate: Updating window title bar state: overlay mode, drag disabled, window buttons hidden, title bar hidden
[2020.02.02-12.51.26:889][  0]LogSlate: Updating window title bar state: overlay mode, drag disabled, window buttons hidden, title bar hidden
[2020.02.02-12.51.26:894][  0]LogSlate: Updating window title bar state: overlay mode, drag disabled, window buttons hidden, title bar hidden
[2020.02.02-12.51.26:901][  0]LogCollectionManager: Loaded 0 collections in 0.001636 seconds
[2020.02.02-12.51.26:913][  0]LogFileCache: Scanning file cache for directory 'E:/Escritorio/Unreal/Practica/Saved/Collections/' took 0.00s
[2020.02.02-12.51.26:913][  0]LogFileCache: Scanning file cache for directory 'E:/Escritorio/Unreal/Practica/Content/Developers/erike/Collections/' took 0.00s
[2020.02.02-12.51.26:913][  0]LogFileCache: Scanning file cache for directory 'E:/Escritorio/Unreal/Practica/Content/Collections/' took 0.00s
[2020.02.02-12.51.26:913][  0]LogContentBrowser: Native class hierarchy populated in 0.0075 seconds. Added 3015 classes and 717 folders.
[2020.02.02-12.51.26:915][  0]LogContentBrowser: Native class hierarchy updated for 'WidgetCarousel' in 0.0002 seconds. Added 0 classes and 0 folders.
[2020.02.02-12.51.27:118][  0]LogContentBrowser: Native class hierarchy updated for 'AddContentDialog' in 0.0002 seconds. Added 0 classes and 0 folders.
[2020.02.02-12.51.27:122][  0]LogContentBrowser: Native class hierarchy updated for 'SceneOutliner' in 0.0002 seconds. Added 2 classes and 3 folders.
[2020.02.02-12.51.27:210][  0]LogContentBrowser: Native class hierarchy updated for 'HierarchicalLODOutliner' in 0.0002 seconds. Added 0 classes and 0 folders.
[2020.02.02-12.51.27:210][  0]LogLoad: (Engine Initialization) Total time: 6.41 seconds
[2020.02.02-12.51.27:211][  0]LogLoad: (Engine Initialization) Total Blueprint compile time: 0.00 seconds
[2020.02.02-12.51.27:248][  0]LogContentStreaming: Texture pool size now 1000 MB
[2020.02.02-12.51.27:249][  0]LogSlate: Took 0.000165 seconds to synchronously load lazily loaded font '../../../Engine/Content/Slate/Fonts/Roboto-Regular.ttf' (155K)
[2020.02.02-12.51.27:250][  0]LogSlate: Took 0.000095 seconds to synchronously load lazily loaded font '../../../Engine/Content/Slate/Fonts/Roboto-Bold.ttf' (160K)
[2020.02.02-12.51.27:257][  0]LogSlate: Took 0.004487 seconds to synchronously load lazily loaded font '../../../Engine/Content/Editor/Slate/Fonts/FontAwesome.ttf' (139K)
[2020.02.02-12.51.27:312][  0]LogSlate: Took 0.002382 seconds to synchronously load lazily loaded font '../../../Engine/Content/Slate/Fonts/Roboto-Light.ttf' (167K)
[2020.02.02-12.51.27:322][  1]LogRenderer: Reallocating scene render targets to support 764x364 Format 10 NumSamples 1 (Frame:1).
[2020.02.02-12.51.27:323][  1]LogFileCache: Retrieving MD5 hashes for directory 'E:/Escritorio/Unreal/Practica/Content/' took 0.10s
[2020.02.02-12.51.28:248][ 95]LogAssetRegistry: Asset discovery search completed in 4.9516 seconds
[2020.02.02-12.51.28:250][ 95]LogCollectionManager: Fixed up redirectors for 0 collections in 0.000006 seconds (updated 0 objects)
[2020.02.02-12.51.29:130][196]LogRenderer: Reallocating scene render targets to support 1528x600 Format 10 NumSamples 1 (Frame:188).
[2020.02.02-12.51.32:094][540]LogBlueprint: Error: [Compiler CoinDoor_BP] In use pin  <Unnamed>  no longer exists on node  Spend Coins . Please refresh node or break links to remove pin.
[2020.02.02-12.51.32:094][540]LogBlueprint: Error: [Compiler CoinDoor_BP] In use pin  <Unnamed>  no longer exists on node  Spend Coins . Please refresh node or break links to remove pin.
[2020.02.02-12.51.32:094][540]LogBlueprint: Error: [Compiler CoinDoor_BP] In use pin  Target  no longer exists on node  Spend Coins . Please refresh node or break links to remove pin.
[2020.02.02-12.51.32:095][540]LogBlueprint: Error: [Compiler CoinDoor_BP] In use pin  Coins  no longer exists on node  Spend Coins . Please refresh node or break links to remove pin.
[2020.02.02-12.51.32:095][540]LogBlueprint: Error: [Compiler CoinDoor_BP] Could not find a function named "Spend Coins" in 'GameMode_BP_C'.
Make sure 'GameMode_BP_C' has been compiled for  Spend Coins
[2020.02.02-12.51.32:095][540]LogBlueprint: Error: [Compiler CoinDoor_BP] In use pin  <Unnamed>  no longer exists on node  Get Coins . Please refresh node or break links to remove pin.
[2020.02.02-12.51.32:095][540]LogBlueprint: Error: [Compiler CoinDoor_BP] In use pin  <Unnamed>  no longer exists on node  Get Coins . Please refresh node or break links to remove pin.
[2020.02.02-12.51.32:095][540]LogBlueprint: Error: [Compiler CoinDoor_BP] In use pin  Target  no longer exists on node  Get Coins . Please refresh node or break links to remove pin.
[2020.02.02-12.51.32:095][540]LogBlueprint: Error: [Compiler CoinDoor_BP] In use pin  Coins  no longer exists on node  Get Coins . Please refresh node or break links to remove pin.
[2020.02.02-12.51.32:095][540]LogBlueprint: Error: [Compiler CoinDoor_BP] Could not find a function named "GetCoins" in 'GameMode_BP_C'.
Make sure 'GameMode_BP_C' has been compiled for  Get Coins
[2020.02.02-12.51.32:117][540]LogSlate: Took 0.000116 seconds to synchronously load lazily loaded font '../../../Engine/Content/Slate/Fonts/Roboto-Light.ttf' (167K)
[2020.02.02-12.51.32:134][540]LogAssetEditorSubsystem: Opening Asset editor for Blueprint /Game/Blueprints/Doors/CoinDoor_BP.CoinDoor_BP
[2020.02.02-12.51.32:263][540]LogContentBrowser: Native class hierarchy updated for 'BlueprintGraph' in 0.0005 seconds. Added 121 classes and 0 folders.
[2020.02.02-12.51.32:926][540]LogSlate: Took 0.000233 seconds to synchronously load lazily loaded font '../../../Engine/Content/Slate/Fonts/Roboto-BoldCondensed.ttf' (158K)
[2020.02.02-12.51.42:145][568]LogSlate: Took 0.000165 seconds to synchronously load lazily loaded font '../../../Engine/Content/Slate/Fonts/Roboto-Italic.ttf' (157K)
[2020.02.02-12.51.44:352][823]LogSlate: Window 'CoinDoor_BP' being destroyed
[2020.02.02-12.51.47:294][160]LogAssetEditorSubsystem: Opening Asset editor for Blueprint /Game/Blueprints/GameMode_BP.GameMode_BP
[2020.02.02-12.51.59:337][556]LogSlate: Took 0.003002 seconds to synchronously load lazily loaded font '../../../Engine/Content/Slate/Fonts/Roboto-BoldCondensedItalic.ttf' (160K)
[2020.02.02-12.52.13:288][213]Cmd: OBJ SAVEPACKAGE PACKAGE="/Game/Blueprints/GameMode_BP" FILE="E:/Escritorio/Unreal/Practica/Content/Blueprints/GameMode_BP.uasset" SILENT=true
[2020.02.02-12.52.13:303][213]LogSavePackage: Moving 'E:/Escritorio/Unreal/Practica/Saved/GameMode_BP5C6ED4624B28A90F5BE1F2B0D5E8D24C.tmp' to 'E:/Escritorio/Unreal/Practica/Content/Blueprints/GameMode_BP.uasset'
[2020.02.02-12.52.13:322][213]AssetCheck: New page: Asset Save: GameMode_BP
[2020.02.02-12.52.13:322][213]LogContentValidation: Display: Validating Blueprint /Game/Blueprints/GameMode_BP.GameMode_BP
[2020.02.02-12.52.13:702][258]BlueprintLog: New page: Compile GameMode_BP
[2020.02.02-12.52.13:932][258]LogUObjectHash: Compacting FUObjectHashTables data took   3.56ms
[2020.02.02-12.52.47:230][197]Cmd: OBJ SAVEPACKAGE PACKAGE="/Game/Blueprints/Doors/CoinDoor_BP" FILE="E:/Escritorio/Unreal/Practica/Content/Blueprints/Doors/CoinDoor_BP.uasset" SILENT=true
[2020.02.02-12.52.47:254][197]LogSavePackage: Moving 'E:/Escritorio/Unreal/Practica/Saved/CoinDoor_BPA25A0B7C4509C3C6F858DEADD071A007.tmp' to 'E:/Escritorio/Unreal/Practica/Content/Blueprints/Doors/CoinDoor_BP.uasset'
[2020.02.02-12.52.47:274][197]AssetCheck: New page: Asset Save: CoinDoor_BP
[2020.02.02-12.52.47:274][197]LogContentValidation: Display: Validating Blueprint /Game/Blueprints/Doors/CoinDoor_BP.CoinDoor_BP
[2020.02.02-12.52.47:597][235]BlueprintLog: New page: Compile CoinDoor_BP
[2020.02.02-12.52.47:599][235]LogBlueprint: Error: [Compiler CoinDoor_BP] In use pin  <Unnamed>  no longer exists on node  Spend Coins . Please refresh node or break links to remove pin.
[2020.02.02-12.52.47:599][235]LogBlueprint: Error: [Compiler CoinDoor_BP] In use pin  <Unnamed>  no longer exists on node  Spend Coins . Please refresh node or break links to remove pin.
[2020.02.02-12.52.47:599][235]LogBlueprint: Error: [Compiler CoinDoor_BP] In use pin  Target  no longer exists on node  Spend Coins . Please refresh node or break links to remove pin.
[2020.02.02-12.52.47:600][235]LogBlueprint: Error: [Compiler CoinDoor_BP] In use pin  Coins  no longer exists on node  Spend Coins . Please refresh node or break links to remove pin.
[2020.02.02-12.52.47:600][235]LogBlueprint: Error: [Compiler CoinDoor_BP] Could not find a function named "Spend Coins" in 'GameMode_BP_C'.
Make sure 'GameMode_BP_C' has been compiled for  Spend Coins
[2020.02.02-12.52.47:820][235]LogUObjectHash: Compacting FUObjectHashTables data took   3.37ms
[2020.02.02-12.53.44:932][960]BlueprintLog: New page: Collapse to Macro
[2020.02.02-12.54.25:871][833]Cmd: OBJ SAVEPACKAGE PACKAGE="/Game/Blueprints/GameMode_BP" FILE="E:/Escritorio/Unreal/Practica/Content/Blueprints/GameMode_BP.uasset" SILENT=true
[2020.02.02-12.54.25:890][833]LogSavePackage: Moving 'E:/Escritorio/Unreal/Practica/Saved/GameMode_BP00D7723A4F78D8BBBAEE0DB021A86919.tmp' to 'E:/Escritorio/Unreal/Practica/Content/Blueprints/GameMode_BP.uasset'
[2020.02.02-12.54.25:906][833]AssetCheck: New page: Asset Save: GameMode_BP
[2020.02.02-12.54.25:906][833]LogContentValidation: Display: Validating Blueprint /Game/Blueprints/GameMode_BP.GameMode_BP
[2020.02.02-12.54.26:607][917]BlueprintLog: New page: Compile GameMode_BP
[2020.02.02-12.54.26:832][917]LogUObjectHash: Compacting FUObjectHashTables data took   3.38ms
[2020.02.02-12.54.28:735][137]Cmd: OBJ SAVEPACKAGE PACKAGE="/Game/Blueprints/Doors/CoinDoor_BP" FILE="E:/Escritorio/Unreal/Practica/Content/Blueprints/Doors/CoinDoor_BP.uasset" SILENT=true
[2020.02.02-12.54.28:761][137]LogSavePackage: Moving 'E:/Escritorio/Unreal/Practica/Saved/CoinDoor_BP1DAF95B24E431149C4D837A2E1B4020E.tmp' to 'E:/Escritorio/Unreal/Practica/Content/Blueprints/Doors/CoinDoor_BP.uasset'
[2020.02.02-12.54.28:776][137]AssetCheck: New page: Asset Save: CoinDoor_BP
[2020.02.02-12.54.28:776][137]LogContentValidation: Display: Validating Blueprint /Game/Blueprints/Doors/CoinDoor_BP.CoinDoor_BP
[2020.02.02-12.54.29:917][271]BlueprintLog: New page: Compile CoinDoor_BP
[2020.02.02-12.54.29:919][271]LogBlueprint: Error: [Compiler CoinDoor_BP] In use pin  Coins  no longer exists on node  Spend Coins . Please refresh node or break links to remove pin.
[2020.02.02-12.54.30:139][271]LogUObjectHash: Compacting FUObjectHashTables data took   3.48ms
[2020.02.02-12.54.49:346][549]Cmd: OBJ SAVEPACKAGE PACKAGE="/Game/Blueprints/Doors/CoinDoor_BP" FILE="E:/Escritorio/Unreal/Practica/Content/Blueprints/Doors/CoinDoor_BP.uasset" SILENT=true
[2020.02.02-12.54.49:371][549]LogSavePackage: Moving 'E:/Escritorio/Unreal/Practica/Saved/CoinDoor_BPE9D0F0DB494AC9B5A37802864EB6E76B.tmp' to 'E:/Escritorio/Unreal/Practica/Content/Blueprints/Doors/CoinDoor_BP.uasset'
[2020.02.02-12.54.49:387][549]AssetCheck: New page: Asset Save: CoinDoor_BP
[2020.02.02-12.54.49:387][549]LogContentValidation: Display: Validating Blueprint /Game/Blueprints/Doors/CoinDoor_BP.CoinDoor_BP
[2020.02.02-12.54.49:851][604]BlueprintLog: New page: Compile CoinDoor_BP
[2020.02.02-12.54.50:073][604]LogUObjectHash: Compacting FUObjectHashTables data took   3.32ms
[2020.02.02-12.54.57:845][510]LogTemp: Repeating last play command: Selected Viewport
[2020.02.02-12.54.57:863][510]LogBlueprintUserMessages: Early PlayInEditor Detection: Level '/Game/ThirdPersonBP/Maps/ThirdPersonExampleMap.ThirdPersonExampleMap:PersistentLevel' has LevelScriptBlueprint '/Game/ThirdPersonBP/Maps/ThirdPersonExampleMap.ThirdPersonExampleMap:PersistentLevel.ThirdPersonExampleMap' with GeneratedClass '/Game/ThirdPersonBP/Maps/ThirdPersonExampleMap.ThirdPersonExampleMap_C' with ClassGeneratedBy '/Game/ThirdPersonBP/Maps/ThirdPersonExampleMap.ThirdPersonExampleMap:PersistentLevel.ThirdPersonExampleMap'
[2020.02.02-12.54.57:864][510]LogPlayLevel: PlayLevel: No blueprints needed recompiling
[2020.02.02-12.54.57:864][510]PIE: New page: PIE session: ThirdPersonExampleMap (2 Feb 2020, 14:54:57)
[2020.02.02-12.54.57:865][510]LogOnline: OSS: Creating online subsystem instance for: NULL
[2020.02.02-12.54.57:866][510]LogOnline: OSS: TryLoadSubsystemAndSetDefault: Loaded subsystem for module [NULL]
[2020.02.02-12.54.57:866][510]LogPlayLevel: Creating play world package: /Game/ThirdPersonBP/Maps/UEDPIE_0_ThirdPersonExampleMap
[2020.02.02-12.54.57:873][510]LogPlayLevel: PIE: StaticDuplicateObject took: (0.006797s)
[2020.02.02-12.54.57:874][510]LogAIModule: Creating AISystem for world ThirdPersonExampleMap
[2020.02.02-12.54.57:874][510]LogPlayLevel: PIE: World Init took: (0.001016s)
[2020.02.02-12.54.57:874][510]LogPlayLevel: PIE: Created PIE world by copying editor world from /Game/ThirdPersonBP/Maps/ThirdPersonExampleMap.ThirdPersonExampleMap to /Game/ThirdPersonBP/Maps/UEDPIE_0_ThirdPersonExampleMap.ThirdPersonExampleMap (0.008012s)
[2020.02.02-12.54.57:914][510]LogUObjectHash: Compacting FUObjectHashTables data took   3.22ms
[2020.02.02-12.54.57:915][510]LogAudioMixer: Display: Audio Mixer Platform Settings:
[2020.02.02-12.54.57:915][510]LogAudioMixer: Display: 	Sample Rate:						  48000
[2020.02.02-12.54.57:915][510]LogAudioMixer: Display: 	Callback Buffer Frame Size Requested: 1024
[2020.02.02-12.54.57:915][510]LogAudioMixer: Display: 	Callback Buffer Frame Size To Use:	  1024
[2020.02.02-12.54.57:915][510]LogAudioMixer: Display: 	Number of buffers to queue:			  2
[2020.02.02-12.54.57:915][510]LogAudioMixer: Display: 	Max Channels (voices):				  32
[2020.02.02-12.54.57:915][510]LogAudioMixer: Display: 	Number of Async Source Workers:		  0
[2020.02.02-12.54.57:915][510]LogAudio: Display: AudioDevice MaxSources: 32
[2020.02.02-12.54.57:916][510]LogAudio: Display: Using built-in audio occlusion.
[2020.02.02-12.54.57:916][510]LogAudioMixer: Display: Initializing audio mixer.
[2020.02.02-12.54.57:939][510]LogAudioMixer: Display: Audio Device Output Speaker Info:
[2020.02.02-12.54.57:939][510]LogAudioMixer: Display: Name: Altavoces (Realtek(R) Audio)
[2020.02.02-12.54.57:939][510]LogAudioMixer: Display: Is Default: Yes
[2020.02.02-12.54.57:939][510]LogAudioMixer: Display: Sample Rate: 48000
[2020.02.02-12.54.57:939][510]LogAudioMixer: Display: Channel Count Used: 2
[2020.02.02-12.54.57:939][510]LogAudioMixer: Display: Device Channel Count: 2
[2020.02.02-12.54.57:939][510]LogAudioMixer: Display: Channel Order:
[2020.02.02-12.54.57:939][510]LogAudioMixer: Display: 0: FrontLeft
[2020.02.02-12.54.57:939][510]LogAudioMixer: Display: 1: FrontRight
[2020.02.02-12.54.57:958][510]LogAudioMixer: Display: Using Audio Device Altavoces (Realtek(R) Audio)
[2020.02.02-12.54.57:959][510]LogInit: FAudioDevice initialized.
[2020.02.02-12.54.57:965][510]LogLoad: Game class is 'GameMode_BP_C'
[2020.02.02-12.54.57:967][510]LogWorld: Bringing World /Game/ThirdPersonBP/Maps/UEDPIE_0_ThirdPersonExampleMap.ThirdPersonExampleMap up for play (max tick rate 0) at 2020.02.02-13.54.57
[2020.02.02-12.54.57:967][510]LogWorld: Bringing up level for play took: 0.000901
[2020.02.02-12.54.57:967][510]LogOnline: OSS: Creating online subsystem instance for: :Context_7
[2020.02.02-12.54.57:972][510]LogContentBrowser: Native class hierarchy updated for 'MovieSceneCapture' in 0.0003 seconds. Added 20 classes and 0 folders.
[2020.02.02-12.54.57:974][510]PIE: Play in editor start time for /Game/ThirdPersonBP/Maps/UEDPIE_0_ThirdPersonExampleMap 0.891
[2020.02.02-12.54.57:975][510]LogBlueprintUserMessages: Late PlayInEditor Detection: Level '/Game/ThirdPersonBP/Maps/ThirdPersonExampleMap.ThirdPersonExampleMap:PersistentLevel' has LevelScriptBlueprint '/Game/ThirdPersonBP/Maps/ThirdPersonExampleMap.ThirdPersonExampleMap:PersistentLevel.ThirdPersonExampleMap' with GeneratedClass '/Game/ThirdPersonBP/Maps/ThirdPersonExampleMap.ThirdPersonExampleMap_C' with ClassGeneratedBy '/Game/ThirdPersonBP/Maps/ThirdPersonExampleMap.ThirdPersonExampleMap:PersistentLevel.ThirdPersonExampleMap'
[2020.02.02-12.54.59:621][677]LogBlueprintUserMessages: [CoinDoor_BP_2] You need 5 Coins
[2020.02.02-12.55.02:238][991]LogAudioMixer: Display: No commands were queued while flushing the source manager.
[2020.02.02-12.55.02:238][991]LogAudioMixer: Display: No commands were queued while flushing the source manager.
[2020.02.02-12.55.02:238][991]LogBlueprintUserMessages: Early EndPlayMap Detection: Level '/Game/ThirdPersonBP/Maps/ThirdPersonExampleMap.ThirdPersonExampleMap:PersistentLevel' has LevelScriptBlueprint '/Game/ThirdPersonBP/Maps/ThirdPersonExampleMap.ThirdPersonExampleMap:PersistentLevel.ThirdPersonExampleMap' with GeneratedClass '/Game/ThirdPersonBP/Maps/ThirdPersonExampleMap.ThirdPersonExampleMap_C' with ClassGeneratedBy '/Game/ThirdPersonBP/Maps/ThirdPersonExampleMap.ThirdPersonExampleMap:PersistentLevel.ThirdPersonExampleMap'
[2020.02.02-12.55.02:239][991]LogSlate: Updating window title bar state: overlay mode, drag disabled, window buttons hidden, title bar hidden
[2020.02.02-12.55.02:239][991]LogWorld: BeginTearingDown for /Game/ThirdPersonBP/Maps/UEDPIE_0_ThirdPersonExampleMap
[2020.02.02-12.55.02:239][991]LogAudioMixer: Display: No commands were queued while flushing the source manager.
[2020.02.02-12.55.02:239][991]LogWorld: UWorld::CleanupWorld for ThirdPersonExampleMap, bSessionEnded=true, bCleanupResources=true
[2020.02.02-12.55.02:239][991]LogSlate: InvalidateAllWidgets triggered.  All widgets were invalidated
[2020.02.02-12.55.02:247][991]LogPlayLevel: Display: Shutting down PIE online subsystems
[2020.02.02-12.55.02:247][991]LogBlueprintUserMessages: Late EndPlayMap Detection: Level '/Game/ThirdPersonBP/Maps/ThirdPersonExampleMap.ThirdPersonExampleMap:PersistentLevel' has LevelScriptBlueprint '/Game/ThirdPersonBP/Maps/ThirdPersonExampleMap.ThirdPersonExampleMap:PersistentLevel.ThirdPersonExampleMap' with GeneratedClass '/Game/ThirdPersonBP/Maps/ThirdPersonExampleMap.ThirdPersonExampleMap_C' with ClassGeneratedBy '/Game/ThirdPersonBP/Maps/ThirdPersonExampleMap.ThirdPersonExampleMap:PersistentLevel.ThirdPersonExampleMap'
[2020.02.02-12.55.02:252][991]LogSlate: InvalidateAllWidgets triggered.  All widgets were invalidated
[2020.02.02-12.55.02:288][991]LogAudioMixer: Display: No commands were queued while flushing the source manager.
[2020.02.02-12.55.02:292][991]LogSlate: Updating window title bar state: overlay mode, drag disabled, window buttons hidden, title bar hidden
[2020.02.02-12.55.02:312][991]LogUObjectHash: Compacting FUObjectHashTables data took   3.90ms
[2020.02.02-12.55.02:347][993]LogPlayLevel: Display: Destroying online subsystem :Context_7
